<?xml version="1.0" encoding="UTF-8"?>
<testng-results ignored="0" total="1" passed="1" failed="0" skipped="0">
  <reporter-output>
  </reporter-output>
  <suite started-at="2022-06-24T00:50:46 IST" name="Default suite" finished-at="2022-06-24T00:53:01 IST" duration-ms="135183">
    <groups>
    </groups>
    <test started-at="2022-06-24T00:50:46 IST" name="Default test" finished-at="2022-06-24T00:53:01 IST" duration-ms="135183">
      <class name="testExp.SelIntroduction">
        <test-method signature="main()[pri:0, instance:testExp.SelIntroduction@7722c3c3]" started-at="2022-06-24T00:50:46 IST" name="main" finished-at="2022-06-24T00:53:01 IST" duration-ms="135037" status="PASS">
          <reporter-output>
          </reporter-output>
        </test-method> <!-- main -->
      </class> <!-- testExp.SelIntroduction -->
    </test> <!-- Default test -->
  </suite> <!-- Default suite -->
</testng-results>
